<?xml version="1.0" encoding="UTF-8"?>
<!-- Generated by org.testng.reporters.JUnitReportReporter -->
<testsuite hostname="DESKTOP-03O7N3O" failures="0" tests="1" name="com.hrm.HrHead.ModifyCorporateAddedByOneHrHeadAsOtherHrHead" time="18.934" errors="1" timestamp="2023-05-30T12:09:00 IST" skipped="0">
  <testcase classname="com.hrm.HrHead.ModifyCorporateAddedByOneHrHeadAsOtherHrHead" name="ModifyCorporateAddedByOneHrHeadAsOtherHrHeadTest" time="18.934">
    <error message="element click intercepted: Element &lt;button type=&quot;button&quot; class=&quot;btn btn-primary btn-sm&quot; data-toggle=&quot;modal&quot; data-target=&quot;#modal-edit348&quot;&gt;...&lt;/button&gt; is not clickable at point (980, 555). Other element would receive the click: &lt;footer class=&quot;main-footer&quot;&gt;...&lt;/footer&gt;
  (Session info: MicrosoftEdge=113.0.1774.57)
Build info: version: &#039;4.9.1&#039;, revision: &#039;eb2032df7f&#039;
System info: os.name: &#039;Windows 10&#039;, os.arch: &#039;amd64&#039;, os.version: &#039;10.0&#039;, java.version: &#039;18.0.2&#039;
Driver info: org.openqa.selenium.edge.EdgeDriver
Command: [73dffed7d42707936be35e4f1d999cf8, clickElement {id=47485D7097AE949AD09334D88DE63A3C_element_199}]
Capabilities {acceptInsecureCerts: false, browserName: msedge, browserVersion: 113.0.1774.57, ms:edgeOptions: {debuggerAddress: localhost:60180}, msedge: {msedgedriverVersion: 113.0.1774.57 (b3b212deff59..., userDataDir: C:\Users\Admin\AppData\Loca...}, networkConnectionEnabled: false, pageLoadStrategy: normal, platformName: windows, proxy: Proxy(), se:cdp: ws://localhost:60180/devtoo..., se:cdpVersion: 113.0.1774.57, setWindowRect: true, strictFileInteractability: false, timeouts: {implicit: 0, pageLoad: 300000, script: 30000}, unhandledPromptBehavior: dismiss and notify, webauthn:extension:credBlob: true, webauthn:extension:largeBlob: true, webauthn:extension:minPinLength: true, webauthn:extension:prf: true, webauthn:virtualAuthenticators: true}
Element: [[EdgeDriver: msedge on windows (73dffed7d42707936be35e4f1d999cf8)] -&gt; xpath: //table[@id=&#039;example1&#039;]/tbody/tr/td[.=&#039;Quality&#039;]/following-sibling::td/button[.=&#039;Edit&#039;]]
Session ID: 73dffed7d42707936be35e4f1d999cf8" type="org.openqa.selenium.ElementClickInterceptedException">
      <![CDATA[org.openqa.selenium.ElementClickInterceptedException: element click intercepted: Element <button type="button" class="btn btn-primary btn-sm" data-toggle="modal" data-target="#modal-edit348">...</button> is not clickable at point (980, 555). Other element would receive the click: <footer class="main-footer">...</footer>
  (Session info: MicrosoftEdge=113.0.1774.57)
Build info: version: '4.9.1', revision: 'eb2032df7f'
System info: os.name: 'Windows 10', os.arch: 'amd64', os.version: '10.0', java.version: '18.0.2'
Driver info: org.openqa.selenium.edge.EdgeDriver
Command: [73dffed7d42707936be35e4f1d999cf8, clickElement {id=47485D7097AE949AD09334D88DE63A3C_element_199}]
Capabilities {acceptInsecureCerts: false, browserName: msedge, browserVersion: 113.0.1774.57, ms:edgeOptions: {debuggerAddress: localhost:60180}, msedge: {msedgedriverVersion: 113.0.1774.57 (b3b212deff59..., userDataDir: C:\Users\Admin\AppData\Loca...}, networkConnectionEnabled: false, pageLoadStrategy: normal, platformName: windows, proxy: Proxy(), se:cdp: ws://localhost:60180/devtoo..., se:cdpVersion: 113.0.1774.57, setWindowRect: true, strictFileInteractability: false, timeouts: {implicit: 0, pageLoad: 300000, script: 30000}, unhandledPromptBehavior: dismiss and notify, webauthn:extension:credBlob: true, webauthn:extension:largeBlob: true, webauthn:extension:minPinLength: true, webauthn:extension:prf: true, webauthn:virtualAuthenticators: true}
Element: [[EdgeDriver: msedge on windows (73dffed7d42707936be35e4f1d999cf8)] -> xpath: //table[@id='example1']/tbody/tr/td[.='Quality']/following-sibling::td/button[.='Edit']]
Session ID: 73dffed7d42707936be35e4f1d999cf8
at java.base/jdk.internal.reflect.DirectConstructorHandleAccessor.newInstance(DirectConstructorHandleAccessor.java:67)
at java.base/java.lang.reflect.Constructor.newInstanceWithCaller(Constructor.java:499)
at java.base/java.lang.reflect.Constructor.newInstance(Constructor.java:483)
at org.openqa.selenium.remote.codec.w3c.W3CHttpResponseCodec.createException(W3CHttpResponseCodec.java:200)
at org.openqa.selenium.remote.codec.w3c.W3CHttpResponseCodec.decode(W3CHttpResponseCodec.java:133)
at org.openqa.selenium.remote.codec.w3c.W3CHttpResponseCodec.decode(W3CHttpResponseCodec.java:53)
at org.openqa.selenium.remote.HttpCommandExecutor.execute(HttpCommandExecutor.java:193)
at org.openqa.selenium.remote.service.DriverCommandExecutor.invokeExecute(DriverCommandExecutor.java:183)
at org.openqa.selenium.remote.service.DriverCommandExecutor.execute(DriverCommandExecutor.java:158)
at org.openqa.selenium.remote.RemoteWebDriver.execute(RemoteWebDriver.java:543)
at org.openqa.selenium.remote.RemoteWebElement.execute(RemoteWebElement.java:257)
at org.openqa.selenium.remote.RemoteWebElement.click(RemoteWebElement.java:78)
at com.hrm.hrmProjectObjectRepository.CorporateDashboardPage.modifyCorporate(CorporateDashboardPage.java:103)
at com.hrm.HrHead.ModifyCorporateAddedByOneHrHeadAsOtherHrHead.ModifyCorporateAddedByOneHrHeadAsOtherHrHeadTest(ModifyCorporateAddedByOneHrHeadAsOtherHrHead.java:40)
at java.base/jdk.internal.reflect.DirectMethodHandleAccessor.invoke(DirectMethodHandleAccessor.java:104)
at java.base/java.lang.reflect.Method.invoke(Method.java:577)
at org.testng.internal.MethodInvocationHelper.invokeMethod(MethodInvocationHelper.java:133)
at org.testng.internal.TestInvoker.invokeMethod(TestInvoker.java:598)
at org.testng.internal.TestInvoker.invokeTestMethod(TestInvoker.java:173)
at org.testng.internal.MethodRunner.runInSequence(MethodRunner.java:46)
at org.testng.internal.TestInvoker$MethodInvocationAgent.invoke(TestInvoker.java:824)
at org.testng.internal.TestInvoker.invokeTestMethods(TestInvoker.java:146)
at org.testng.internal.TestMethodWorker.invokeTestMethods(TestMethodWorker.java:146)
at org.testng.internal.TestMethodWorker.run(TestMethodWorker.java:128)
at java.base/java.util.concurrent.ThreadPoolExecutor.runWorker(ThreadPoolExecutor.java:1136)
at java.base/java.util.concurrent.ThreadPoolExecutor$Worker.run(ThreadPoolExecutor.java:635)
at java.base/java.lang.Thread.run(Thread.java:833)
]]>
    </error>
  </testcase> <!-- ModifyCorporateAddedByOneHrHeadAsOtherHrHeadTest -->
  <system-out/>
</testsuite> <!-- com.hrm.HrHead.ModifyCorporateAddedByOneHrHeadAsOtherHrHead -->
